Intervention applied [0 0 0 0 0 0 0]
folder_written_to 
 /p/project/hai_deep_c/project_data/forest-carbon-flux/formind_sim/compound_0/0000000/formind_parameters/Climate/weather_intervention_c0_comb_0000000_0.txt
folder_written_to 
 /p/project/hai_deep_c/project_data/forest-carbon-flux/formind_sim/compound_0/0000000/formind_parameters/Climate/weather_intervention_c0_comb_0000000_1.txt
folder_written_to 
 /p/project/hai_deep_c/project_data/forest-carbon-flux/formind_sim/compound_0/0000000/formind_parameters/Climate/weather_intervention_c0_comb_0000000_2.txt
folder_written_to 
 /p/project/hai_deep_c/project_data/forest-carbon-flux/formind_sim/compound_0/0000000/formind_parameters/Climate/weather_intervention_c0_comb_0000000_3.txt
folder_written_to 
 /p/project/hai_deep_c/project_data/forest-carbon-flux/formind_sim/compound_0/0000000/formind_parameters/Climate/weather_intervention_c0_comb_0000000_4.txt
folder_written_to 
 /p/project/hai_deep_c/project_data/forest-carbon-flux/formind_sim/compound_0/0000000/formind_parameters/Climate/weather_intervention_c0_comb_0000000_5.txt
folder_written_to 
 /p/project/hai_deep_c/project_data/forest-carbon-flux/formind_sim/compound_0/0000000/formind_parameters/Climate/weather_intervention_c0_comb_0000000_6.txt
folder_written_to 
 /p/project/hai_deep_c/project_data/forest-carbon-flux/formind_sim/compound_0/0000000/formind_parameters/Climate/weather_intervention_c0_comb_0000000_7.txt
folder_written_to 
 /p/project/hai_deep_c/project_data/forest-carbon-flux/formind_sim/compound_0/0000000/formind_parameters/Climate/weather_intervention_c0_comb_0000000_8.txt
folder_written_to 
 /p/project/hai_deep_c/project_data/forest-carbon-flux/formind_sim/compound_0/0000000/formind_parameters/Climate/weather_intervention_c0_comb_0000000_9.txt
folder_written_to 
 /p/project/hai_deep_c/project_data/forest-carbon-flux/formind_sim/compound_0/0000000/formind_parameters/Climate/weather_intervention_c0_comb_0000000_10.txt
folder_written_to 
 /p/project/hai_deep_c/project_data/forest-carbon-flux/formind_sim/compound_0/0000000/formind_parameters/Climate/weather_intervention_c0_comb_0000000_11.txt
folder_written_to 
 /p/project/hai_deep_c/project_data/forest-carbon-flux/formind_sim/compound_0/0000000/formind_parameters/Climate/weather_intervention_c0_comb_0000000_12.txt
folder_written_to 
 /p/project/hai_deep_c/project_data/forest-carbon-flux/formind_sim/compound_0/0000000/formind_parameters/Climate/weather_intervention_c0_comb_0000000_13.txt
folder_written_to 
 /p/project/hai_deep_c/project_data/forest-carbon-flux/formind_sim/compound_0/0000000/formind_parameters/Climate/weather_intervention_c0_comb_0000000_14.txt
folder_written_to 
 /p/project/hai_deep_c/project_data/forest-carbon-flux/formind_sim/compound_0/0000000/formind_parameters/Climate/weather_intervention_c0_comb_0000000_15.txt
folder_written_to 
 /p/project/hai_deep_c/project_data/forest-carbon-flux/formind_sim/compound_0/0000000/formind_parameters/Climate/weather_intervention_c0_comb_0000000_16.txt
folder_written_to 
 /p/project/hai_deep_c/project_data/forest-carbon-flux/formind_sim/compound_0/0000000/formind_parameters/Climate/weather_intervention_c0_comb_0000000_17.txt
folder_written_to 
 /p/project/hai_deep_c/project_data/forest-carbon-flux/formind_sim/compound_0/0000000/formind_parameters/Climate/weather_intervention_c0_comb_0000000_18.txt
folder_written_to 
 /p/project/hai_deep_c/project_data/forest-carbon-flux/formind_sim/compound_0/0000000/formind_parameters/Climate/weather_intervention_c0_comb_0000000_19.txt
folder_written_to 
 /p/project/hai_deep_c/project_data/forest-carbon-flux/formind_sim/compound_0/0000000/formind_parameters/Climate/weather_intervention_c0_comb_0000000_20.txt
folder_written_to 
 /p/project/hai_deep_c/project_data/forest-carbon-flux/formind_sim/compound_0/0000000/formind_parameters/Climate/weather_intervention_c0_comb_0000000_21.txt
folder_written_to 
 /p/project/hai_deep_c/project_data/forest-carbon-flux/formind_sim/compound_0/0000000/formind_parameters/Climate/weather_intervention_c0_comb_0000000_22.txt
folder_written_to 
 /p/project/hai_deep_c/project_data/forest-carbon-flux/formind_sim/compound_0/0000000/formind_parameters/Climate/weather_intervention_c0_comb_0000000_23.txt
folder_written_to 
 /p/project/hai_deep_c/project_data/forest-carbon-flux/formind_sim/compound_0/0000000/formind_parameters/Climate/weather_intervention_c0_comb_0000000_24.txt
folder_written_to 
 /p/project/hai_deep_c/project_data/forest-carbon-flux/formind_sim/compound_0/0000000/formind_parameters/Climate/weather_intervention_c0_comb_0000000_25.txt
folder_written_to 
 /p/project/hai_deep_c/project_data/forest-carbon-flux/formind_sim/compound_0/0000000/formind_parameters/Climate/weather_intervention_c0_comb_0000000_26.txt
folder_written_to 
 /p/project/hai_deep_c/project_data/forest-carbon-flux/formind_sim/compound_0/0000000/formind_parameters/Climate/weather_intervention_c0_comb_0000000_27.txt
folder_written_to 
 /p/project/hai_deep_c/project_data/forest-carbon-flux/formind_sim/compound_0/0000000/formind_parameters/Climate/weather_intervention_c0_comb_0000000_28.txt
folder_written_to 
 /p/project/hai_deep_c/project_data/forest-carbon-flux/formind_sim/compound_0/0000000/formind_parameters/Climate/weather_intervention_c0_comb_0000000_29.txt
folder_written_to 
 /p/project/hai_deep_c/project_data/forest-carbon-flux/formind_sim/compound_0/0000000/formind_parameters/Climate/weather_intervention_c0_comb_0000000_30.txt
folder_written_to 
 /p/project/hai_deep_c/project_data/forest-carbon-flux/formind_sim/compound_0/0000000/formind_parameters/Climate/weather_intervention_c0_comb_0000000_31.txt
folder_written_to 
 /p/project/hai_deep_c/project_data/forest-carbon-flux/formind_sim/compound_0/0000000/formind_parameters/Climate/weather_intervention_c0_comb_0000000_32.txt
folder_written_to 
 /p/project/hai_deep_c/project_data/forest-carbon-flux/formind_sim/compound_0/0000000/formind_parameters/Climate/weather_intervention_c0_comb_0000000_33.txt
folder_written_to 
 /p/project/hai_deep_c/project_data/forest-carbon-flux/formind_sim/compound_0/0000000/formind_parameters/Climate/weather_intervention_c0_comb_0000000_34.txt
folder_written_to 
 /p/project/hai_deep_c/project_data/forest-carbon-flux/formind_sim/compound_0/0000000/formind_parameters/Climate/weather_intervention_c0_comb_0000000_35.txt
folder_written_to 
 /p/project/hai_deep_c/project_data/forest-carbon-flux/formind_sim/compound_0/0000000/formind_parameters/Climate/weather_intervention_c0_comb_0000000_36.txt
folder_written_to 
 /p/project/hai_deep_c/project_data/forest-carbon-flux/formind_sim/compound_0/0000000/formind_parameters/Climate/weather_intervention_c0_comb_0000000_37.txt
folder_written_to 
 /p/project/hai_deep_c/project_data/forest-carbon-flux/formind_sim/compound_0/0000000/formind_parameters/Climate/weather_intervention_c0_comb_0000000_38.txt
folder_written_to 
 /p/project/hai_deep_c/project_data/forest-carbon-flux/formind_sim/compound_0/0000000/formind_parameters/Climate/weather_intervention_c0_comb_0000000_39.txt
folder_written_to 
 /p/project/hai_deep_c/project_data/forest-carbon-flux/formind_sim/compound_0/0000000/formind_parameters/Climate/weather_intervention_c0_comb_0000000_40.txt
folder_written_to 
 /p/project/hai_deep_c/project_data/forest-carbon-flux/formind_sim/compound_0/0000000/formind_parameters/Climate/weather_intervention_c0_comb_0000000_41.txt
folder_written_to 
 /p/project/hai_deep_c/project_data/forest-carbon-flux/formind_sim/compound_0/0000000/formind_parameters/Climate/weather_intervention_c0_comb_0000000_42.txt
folder_written_to 
 /p/project/hai_deep_c/project_data/forest-carbon-flux/formind_sim/compound_0/0000000/formind_parameters/Climate/weather_intervention_c0_comb_0000000_43.txt
folder_written_to 
 /p/project/hai_deep_c/project_data/forest-carbon-flux/formind_sim/compound_0/0000000/formind_parameters/Climate/weather_intervention_c0_comb_0000000_44.txt
folder_written_to 
 /p/project/hai_deep_c/project_data/forest-carbon-flux/formind_sim/compound_0/0000000/formind_parameters/Climate/weather_intervention_c0_comb_0000000_45.txt
folder_written_to 
 /p/project/hai_deep_c/project_data/forest-carbon-flux/formind_sim/compound_0/0000000/formind_parameters/Climate/weather_intervention_c0_comb_0000000_46.txt
folder_written_to 
 /p/project/hai_deep_c/project_data/forest-carbon-flux/formind_sim/compound_0/0000000/formind_parameters/Climate/weather_intervention_c0_comb_0000000_47.txt
folder_written_to 
 /p/project/hai_deep_c/project_data/forest-carbon-flux/formind_sim/compound_0/0000000/formind_parameters/Climate/weather_intervention_c0_comb_0000000_48.txt
folder_written_to 
 /p/project/hai_deep_c/project_data/forest-carbon-flux/formind_sim/compound_0/0000000/formind_parameters/Climate/weather_intervention_c0_comb_0000000_49.txt
folder_written_to 
 /p/project/hai_deep_c/project_data/forest-carbon-flux/formind_sim/compound_0/0000000/formind_parameters/Climate/weather_intervention_c0_comb_0000000_50.txt
folder_written_to 
 /p/project/hai_deep_c/project_data/forest-carbon-flux/formind_sim/compound_0/0000000/formind_parameters/Climate/weather_intervention_c0_comb_0000000_51.txt
folder_written_to 
 /p/project/hai_deep_c/project_data/forest-carbon-flux/formind_sim/compound_0/0000000/formind_parameters/Climate/weather_intervention_c0_comb_0000000_52.txt
folder_written_to 
 /p/project/hai_deep_c/project_data/forest-carbon-flux/formind_sim/compound_0/0000000/formind_parameters/Climate/weather_intervention_c0_comb_0000000_53.txt
folder_written_to 
 /p/project/hai_deep_c/project_data/forest-carbon-flux/formind_sim/compound_0/0000000/formind_parameters/Climate/weather_intervention_c0_comb_0000000_54.txt
folder_written_to 
 /p/project/hai_deep_c/project_data/forest-carbon-flux/formind_sim/compound_0/0000000/formind_parameters/Climate/weather_intervention_c0_comb_0000000_55.txt
folder_written_to 
 /p/project/hai_deep_c/project_data/forest-carbon-flux/formind_sim/compound_0/0000000/formind_parameters/Climate/weather_intervention_c0_comb_0000000_56.txt
folder_written_to 
 /p/project/hai_deep_c/project_data/forest-carbon-flux/formind_sim/compound_0/0000000/formind_parameters/Climate/weather_intervention_c0_comb_0000000_57.txt
folder_written_to 
 /p/project/hai_deep_c/project_data/forest-carbon-flux/formind_sim/compound_0/0000000/formind_parameters/Climate/weather_intervention_c0_comb_0000000_58.txt
folder_written_to 
 /p/project/hai_deep_c/project_data/forest-carbon-flux/formind_sim/compound_0/0000000/formind_parameters/Climate/weather_intervention_c0_comb_0000000_59.txt
folder_written_to 
 /p/project/hai_deep_c/project_data/forest-carbon-flux/formind_sim/compound_0/0000000/formind_parameters/Climate/weather_intervention_c0_comb_0000000_60.txt
folder_written_to 
 /p/project/hai_deep_c/project_data/forest-carbon-flux/formind_sim/compound_0/0000000/formind_parameters/Climate/weather_intervention_c0_comb_0000000_61.txt
folder_written_to 
 /p/project/hai_deep_c/project_data/forest-carbon-flux/formind_sim/compound_0/0000000/formind_parameters/Climate/weather_intervention_c0_comb_0000000_62.txt
folder_written_to 
 /p/project/hai_deep_c/project_data/forest-carbon-flux/formind_sim/compound_0/0000000/formind_parameters/Climate/weather_intervention_c0_comb_0000000_63.txt
folder_written_to 
 /p/project/hai_deep_c/project_data/forest-carbon-flux/formind_sim/compound_0/0000000/formind_parameters/Climate/weather_intervention_c0_comb_0000000_64.txt
folder_written_to 
 /p/project/hai_deep_c/project_data/forest-carbon-flux/formind_sim/compound_0/0000000/formind_parameters/Climate/weather_intervention_c0_comb_0000000_65.txt
folder_written_to 
 /p/project/hai_deep_c/project_data/forest-carbon-flux/formind_sim/compound_0/0000000/formind_parameters/Climate/weather_intervention_c0_comb_0000000_66.txt
folder_written_to 
 /p/project/hai_deep_c/project_data/forest-carbon-flux/formind_sim/compound_0/0000000/formind_parameters/Climate/weather_intervention_c0_comb_0000000_67.txt
folder_written_to 
 /p/project/hai_deep_c/project_data/forest-carbon-flux/formind_sim/compound_0/0000000/formind_parameters/Climate/weather_intervention_c0_comb_0000000_68.txt
folder_written_to 
 /p/project/hai_deep_c/project_data/forest-carbon-flux/formind_sim/compound_0/0000000/formind_parameters/Climate/weather_intervention_c0_comb_0000000_69.txt
folder_written_to 
 /p/project/hai_deep_c/project_data/forest-carbon-flux/formind_sim/compound_0/0000000/formind_parameters/Climate/weather_intervention_c0_comb_0000000_70.txt
folder_written_to 
 /p/project/hai_deep_c/project_data/forest-carbon-flux/formind_sim/compound_0/0000000/formind_parameters/Climate/weather_intervention_c0_comb_0000000_71.txt
folder_written_to 
 /p/project/hai_deep_c/project_data/forest-carbon-flux/formind_sim/compound_0/0000000/formind_parameters/Climate/weather_intervention_c0_comb_0000000_72.txt
folder_written_to 
 /p/project/hai_deep_c/project_data/forest-carbon-flux/formind_sim/compound_0/0000000/formind_parameters/Climate/weather_intervention_c0_comb_0000000_73.txt
folder_written_to 
 /p/project/hai_deep_c/project_data/forest-carbon-flux/formind_sim/compound_0/0000000/formind_parameters/Climate/weather_intervention_c0_comb_0000000_74.txt
folder_written_to 
 /p/project/hai_deep_c/project_data/forest-carbon-flux/formind_sim/compound_0/0000000/formind_parameters/Climate/weather_intervention_c0_comb_0000000_75.txt
folder_written_to 
 /p/project/hai_deep_c/project_data/forest-carbon-flux/formind_sim/compound_0/0000000/formind_parameters/Climate/weather_intervention_c0_comb_0000000_76.txt
folder_written_to 
 /p/project/hai_deep_c/project_data/forest-carbon-flux/formind_sim/compound_0/0000000/formind_parameters/Climate/weather_intervention_c0_comb_0000000_77.txt
folder_written_to 
 /p/project/hai_deep_c/project_data/forest-carbon-flux/formind_sim/compound_0/0000000/formind_parameters/Climate/weather_intervention_c0_comb_0000000_78.txt
folder_written_to 
 /p/project/hai_deep_c/project_data/forest-carbon-flux/formind_sim/compound_0/0000000/formind_parameters/Climate/weather_intervention_c0_comb_0000000_79.txt
folder_written_to 
 /p/project/hai_deep_c/project_data/forest-carbon-flux/formind_sim/compound_0/0000000/formind_parameters/Climate/weather_intervention_c0_comb_0000000_80.txt
folder_written_to 
 /p/project/hai_deep_c/project_data/forest-carbon-flux/formind_sim/compound_0/0000000/formind_parameters/Climate/weather_intervention_c0_comb_0000000_81.txt
folder_written_to 
 /p/project/hai_deep_c/project_data/forest-carbon-flux/formind_sim/compound_0/0000000/formind_parameters/Climate/weather_intervention_c0_comb_0000000_82.txt
folder_written_to 
 /p/project/hai_deep_c/project_data/forest-carbon-flux/formind_sim/compound_0/0000000/formind_parameters/Climate/weather_intervention_c0_comb_0000000_83.txt
folder_written_to 
 /p/project/hai_deep_c/project_data/forest-carbon-flux/formind_sim/compound_0/0000000/formind_parameters/Climate/weather_intervention_c0_comb_0000000_84.txt
folder_written_to 
 /p/project/hai_deep_c/project_data/forest-carbon-flux/formind_sim/compound_0/0000000/formind_parameters/Climate/weather_intervention_c0_comb_0000000_85.txt
folder_written_to 
 /p/project/hai_deep_c/project_data/forest-carbon-flux/formind_sim/compound_0/0000000/formind_parameters/Climate/weather_intervention_c0_comb_0000000_86.txt
folder_written_to 
 /p/project/hai_deep_c/project_data/forest-carbon-flux/formind_sim/compound_0/0000000/formind_parameters/Climate/weather_intervention_c0_comb_0000000_87.txt
folder_written_to 
 /p/project/hai_deep_c/project_data/forest-carbon-flux/formind_sim/compound_0/0000000/formind_parameters/Climate/weather_intervention_c0_comb_0000000_88.txt
folder_written_to 
 /p/project/hai_deep_c/project_data/forest-carbon-flux/formind_sim/compound_0/0000000/formind_parameters/Climate/weather_intervention_c0_comb_0000000_89.txt
folder_written_to 
 /p/project/hai_deep_c/project_data/forest-carbon-flux/formind_sim/compound_0/0000000/formind_parameters/Climate/weather_intervention_c0_comb_0000000_90.txt
folder_written_to 
 /p/project/hai_deep_c/project_data/forest-carbon-flux/formind_sim/compound_0/0000000/formind_parameters/Climate/weather_intervention_c0_comb_0000000_91.txt
folder_written_to 
 /p/project/hai_deep_c/project_data/forest-carbon-flux/formind_sim/compound_1/1000000/formind_parameters/Climate/weather_intervention_c1_comb_1000000_92.txt
folder_written_to 
 /p/project/hai_deep_c/project_data/forest-carbon-flux/formind_sim/compound_1/1000000/formind_parameters/Climate/weather_intervention_c1_comb_1000000_93.txt
folder_written_to 
 /p/project/hai_deep_c/project_data/forest-carbon-flux/formind_sim/compound_1/1000000/formind_parameters/Climate/weather_intervention_c1_comb_1000000_94.txt
folder_written_to 
 /p/project/hai_deep_c/project_data/forest-carbon-flux/formind_sim/compound_1/1000000/formind_parameters/Climate/weather_intervention_c1_comb_1000000_95.txt
folder_written_to 
 /p/project/hai_deep_c/project_data/forest-carbon-flux/formind_sim/compound_1/1000000/formind_parameters/Climate/weather_intervention_c1_comb_1000000_96.txt
folder_written_to 
 /p/project/hai_deep_c/project_data/forest-carbon-flux/formind_sim/compound_1/1000000/formind_parameters/Climate/weather_intervention_c1_comb_1000000_97.txt
folder_written_to 
 /p/project/hai_deep_c/project_data/forest-carbon-flux/formind_sim/compound_1/1000000/formind_parameters/Climate/weather_intervention_c1_comb_1000000_98.txt
folder_written_to 
 /p/project/hai_deep_c/project_data/forest-carbon-flux/formind_sim/compound_1/1000000/formind_parameters/Climate/weather_intervention_c1_comb_1000000_99.txt
Simulation completed for c1_0 scenario
Time taken for simulation 0 is 27.256559371948242 seconds
Simulation completed for c1_1 scenario
Time taken for simulation 1 is 25.80908465385437 seconds
Simulation completed for c1_2 scenario
Time taken for simulation 2 is 25.74536156654358 seconds
Simulation completed for c1_3 scenario
Time taken for simulation 3 is 25.759549617767334 seconds
Simulation completed for c1_4 scenario
Time taken for simulation 4 is 25.870388746261597 seconds
Simulation completed for c1_5 scenario
Time taken for simulation 5 is 25.83433508872986 seconds
Simulation completed for c1_6 scenario
Time taken for simulation 6 is 25.826167583465576 seconds
Simulation completed for c1_7 scenario
Time taken for simulation 7 is 25.78342604637146 seconds
Simulation completed for c1_8 scenario
Time taken for simulation 8 is 25.831368446350098 seconds
Simulation completed for c1_9 scenario
Time taken for simulation 9 is 25.802618265151978 seconds
Simulation completed for c1_10 scenario
Time taken for simulation 10 is 25.951848030090332 seconds
Simulation completed for c1_11 scenario
Time taken for simulation 11 is 26.15473961830139 seconds
Simulation completed for c1_12 scenario
Time taken for simulation 12 is 25.775715589523315 seconds
Simulation completed for c1_13 scenario
Time taken for simulation 13 is 25.872986793518066 seconds
Simulation completed for c1_14 scenario
Time taken for simulation 14 is 25.818023204803467 seconds
Simulation completed for c1_15 scenario
Time taken for simulation 15 is 25.80208969116211 seconds
Simulation completed for c1_16 scenario
Time taken for simulation 16 is 25.846027612686157 seconds
Simulation completed for c1_17 scenario
Time taken for simulation 17 is 25.841944932937622 seconds
Simulation completed for c1_18 scenario
Time taken for simulation 18 is 25.872920989990234 seconds
Simulation completed for c1_19 scenario
Time taken for simulation 19 is 25.806660652160645 seconds
Simulation completed for c1_20 scenario
Time taken for simulation 20 is 25.806652784347534 seconds
Simulation completed for c1_21 scenario
Time taken for simulation 21 is 28.14028000831604 seconds
Simulation completed for c1_22 scenario
Time taken for simulation 22 is 26.39353036880493 seconds
Simulation completed for c1_23 scenario
Time taken for simulation 23 is 25.780256986618042 seconds
Simulation completed for c1_24 scenario
Time taken for simulation 24 is 25.735819339752197 seconds
Simulation completed for c1_25 scenario
Time taken for simulation 25 is 25.903550624847412 seconds
Simulation completed for c1_26 scenario
Time taken for simulation 26 is 25.76686453819275 seconds
Simulation completed for c1_27 scenario
Time taken for simulation 27 is 25.793078660964966 seconds
Simulation completed for c1_28 scenario
Time taken for simulation 28 is 25.87106466293335 seconds
Simulation completed for c1_29 scenario
Time taken for simulation 29 is 25.806894779205322 seconds
Simulation completed for c1_30 scenario
Time taken for simulation 30 is 25.853459358215332 seconds
Simulation completed for c1_31 scenario
Time taken for simulation 31 is 25.851293325424194 seconds
Simulation completed for c1_32 scenario
Time taken for simulation 32 is 26.256224870681763 seconds
Simulation completed for c1_33 scenario
Time taken for simulation 33 is 25.95853018760681 seconds
Simulation completed for c1_34 scenario
Time taken for simulation 34 is 25.780491590499878 seconds
Simulation completed for c1_35 scenario
Time taken for simulation 35 is 25.797130823135376 seconds
Simulation completed for c1_36 scenario
Time taken for simulation 36 is 25.878132104873657 seconds
Simulation completed for c1_37 scenario
Time taken for simulation 37 is 25.831218719482422 seconds
Simulation completed for c1_38 scenario
Time taken for simulation 38 is 25.844220399856567 seconds
Simulation completed for c1_39 scenario
Time taken for simulation 39 is 25.784473180770874 seconds
Simulation completed for c1_40 scenario
Time taken for simulation 40 is 26.308159828186035 seconds
Simulation completed for c1_41 scenario
Time taken for simulation 41 is 25.810930490493774 seconds
Simulation completed for c1_42 scenario
Time taken for simulation 42 is 25.92690420150757 seconds
Simulation completed for c1_43 scenario
Time taken for simulation 43 is 26.22114133834839 seconds
Simulation completed for c1_44 scenario
Time taken for simulation 44 is 25.839734315872192 seconds
Simulation completed for c1_45 scenario
Time taken for simulation 45 is 25.79395842552185 seconds
Simulation completed for c1_46 scenario
Time taken for simulation 46 is 25.80642604827881 seconds
Simulation completed for c1_47 scenario
Time taken for simulation 47 is 25.79310655593872 seconds
Simulation completed for c1_48 scenario
Time taken for simulation 48 is 25.831581115722656 seconds
Simulation completed for c1_49 scenario
Time taken for simulation 49 is 25.80540418624878 seconds
Simulation completed for c1_50 scenario
Time taken for simulation 50 is 25.813353061676025 seconds
Simulation completed for c1_51 scenario
Time taken for simulation 51 is 25.77867555618286 seconds
Simulation completed for c1_52 scenario
Time taken for simulation 52 is 25.788194179534912 seconds
Simulation completed for c1_53 scenario
Time taken for simulation 53 is 25.82949948310852 seconds
Simulation completed for c1_54 scenario
Time taken for simulation 54 is 26.16269564628601 seconds
Simulation completed for c1_55 scenario
Time taken for simulation 55 is 25.795671463012695 seconds
Simulation completed for c1_56 scenario
Time taken for simulation 56 is 25.764480352401733 seconds
Simulation completed for c1_57 scenario
Time taken for simulation 57 is 25.88499426841736 seconds
Simulation completed for c1_58 scenario
Time taken for simulation 58 is 25.826400756835938 seconds
Simulation completed for c1_59 scenario
Time taken for simulation 59 is 25.80205464363098 seconds
Simulation completed for c1_60 scenario
Time taken for simulation 60 is 25.81604290008545 seconds
Simulation completed for c1_61 scenario
Time taken for simulation 61 is 25.7990460395813 seconds
Simulation completed for c1_62 scenario
Time taken for simulation 62 is 25.79781436920166 seconds
Simulation completed for c1_63 scenario
Time taken for simulation 63 is 25.84418511390686 seconds
Simulation completed for c1_64 scenario
Time taken for simulation 64 is 26.237483978271484 seconds
Simulation completed for c1_65 scenario
Time taken for simulation 65 is 25.921575784683228 seconds
Simulation completed for c1_66 scenario
Time taken for simulation 66 is 25.825324058532715 seconds
Simulation completed for c1_67 scenario
Time taken for simulation 67 is 25.82789444923401 seconds
Simulation completed for c1_68 scenario
Time taken for simulation 68 is 25.78316593170166 seconds
folder_written_to 
 /p/project/hai_deep_c/project_data/forest-carbon-flux/formind_sim/compound_0/0000000/formind_parameters/Climate/weather_intervention_c0_comb_0000000_92.txt
folder_written_to 
 /p/project/hai_deep_c/project_data/forest-carbon-flux/formind_sim/compound_0/0000000/formind_parameters/Climate/weather_intervention_c0_comb_0000000_93.txt
folder_written_to 
 /p/project/hai_deep_c/project_data/forest-carbon-flux/formind_sim/compound_0/0000000/formind_parameters/Climate/weather_intervention_c0_comb_0000000_94.txt
folder_written_to 
 /p/project/hai_deep_c/project_data/forest-carbon-flux/formind_sim/compound_0/0000000/formind_parameters/Climate/weather_intervention_c0_comb_0000000_95.txt
folder_written_to 
 /p/project/hai_deep_c/project_data/forest-carbon-flux/formind_sim/compound_0/0000000/formind_parameters/Climate/weather_intervention_c0_comb_0000000_96.txt
folder_written_to 
 /p/project/hai_deep_c/project_data/forest-carbon-flux/formind_sim/compound_0/0000000/formind_parameters/Climate/weather_intervention_c0_comb_0000000_97.txt
folder_written_to 
 /p/project/hai_deep_c/project_data/forest-carbon-flux/formind_sim/compound_0/0000000/formind_parameters/Climate/weather_intervention_c0_comb_0000000_98.txt
folder_written_to 
 /p/project/hai_deep_c/project_data/forest-carbon-flux/formind_sim/compound_0/0000000/formind_parameters/Climate/weather_intervention_c0_comb_0000000_99.txt
Simulation completed for c0_0 scenario
Time taken for simulation 0 is 25.876842498779297 seconds
Simulation completed for c0_1 scenario
Time taken for simulation 1 is 25.775985956192017 seconds
Simulation completed for c0_2 scenario
Time taken for simulation 2 is 25.81664252281189 seconds
Simulation completed for c0_3 scenario
Time taken for simulation 3 is 25.768349647521973 seconds
Simulation completed for c0_4 scenario
Time taken for simulation 4 is 26.184674501419067 seconds
Simulation completed for c0_5 scenario
Time taken for simulation 5 is 25.87922716140747 seconds
Simulation completed for c0_6 scenario
Time taken for simulation 6 is 25.793081283569336 seconds
Simulation completed for c0_7 scenario
Time taken for simulation 7 is 25.815643548965454 seconds
Simulation completed for c0_8 scenario
Time taken for simulation 8 is 28.45877194404602 seconds
Simulation completed for c0_9 scenario
Time taken for simulation 9 is 25.812849760055542 seconds
Simulation completed for c0_10 scenario
Time taken for simulation 10 is 25.803669691085815 seconds
Simulation completed for c0_11 scenario
Time taken for simulation 11 is 25.83310866355896 seconds
Simulation completed for c0_12 scenario
Time taken for simulation 12 is 25.76192331314087 seconds
Simulation completed for c0_13 scenario
Time taken for simulation 13 is 25.825418710708618 seconds
Simulation completed for c0_14 scenario
Time taken for simulation 14 is 25.910160303115845 seconds
Simulation completed for c0_15 scenario
Time taken for simulation 15 is 25.903616189956665 seconds
Simulation completed for c0_16 scenario
Time taken for simulation 16 is 25.823433876037598 seconds
Simulation completed for c0_17 scenario
Time taken for simulation 17 is 25.807918310165405 seconds
Simulation completed for c0_18 scenario
Time taken for simulation 18 is 26.213584899902344 seconds
Simulation completed for c0_19 scenario
Time taken for simulation 19 is 25.890776872634888 seconds
Simulation completed for c0_20 scenario
Time taken for simulation 20 is 25.90254306793213 seconds
Simulation completed for c0_21 scenario
Time taken for simulation 21 is 25.801305770874023 seconds
Simulation completed for c0_22 scenario
Time taken for simulation 22 is 25.794367790222168 seconds
Simulation completed for c0_23 scenario
Time taken for simulation 23 is 27.42380452156067 seconds
Simulation completed for c0_24 scenario
Time taken for simulation 24 is 25.789083003997803 seconds
Simulation completed for c0_25 scenario
Time taken for simulation 25 is 25.80677032470703 seconds
Simulation completed for c0_26 scenario
Time taken for simulation 26 is 25.858800411224365 seconds
Simulation completed for c0_27 scenario
Time taken for simulation 27 is 25.827880144119263 seconds
Simulation completed for c0_28 scenario
Time taken for simulation 28 is 25.961135625839233 seconds
Simulation completed for c0_29 scenario
Time taken for simulation 29 is 26.29267907142639 seconds
Simulation completed for c0_30 scenario
Time taken for simulation 30 is 25.820226430892944 seconds
Simulation completed for c0_31 scenario
Time taken for simulation 31 is 25.805325269699097 seconds
Simulation completed for c0_32 scenario
Time taken for simulation 32 is 25.816601991653442 seconds
Simulation completed for c0_33 scenario
Time taken for simulation 33 is 25.79943585395813 seconds
Simulation completed for c0_34 scenario
Time taken for simulation 34 is 25.795708656311035 seconds
Simulation completed for c0_35 scenario
Time taken for simulation 35 is 25.860495567321777 seconds
Simulation completed for c0_36 scenario
Time taken for simulation 36 is 25.827829122543335 seconds
Simulation completed for c0_37 scenario
Time taken for simulation 37 is 25.84173607826233 seconds
Simulation completed for c0_38 scenario
Time taken for simulation 38 is 25.858764171600342 seconds
Simulation completed for c0_39 scenario
Time taken for simulation 39 is 25.777173042297363 seconds
Simulation completed for c0_40 scenario
Time taken for simulation 40 is 26.294420957565308 seconds
Simulation completed for c0_41 scenario
Time taken for simulation 41 is 25.813525438308716 seconds
Simulation completed for c0_42 scenario
Time taken for simulation 42 is 25.828903436660767 seconds
Simulation completed for c0_43 scenario
Time taken for simulation 43 is 25.871284008026123 seconds
Simulation completed for c0_44 scenario
Time taken for simulation 44 is 25.782280206680298 seconds
Simulation completed for c0_45 scenario
Time taken for simulation 45 is 25.754918575286865 seconds
Simulation completed for c0_46 scenario
Time taken for simulation 46 is 25.83272933959961 seconds
Simulation completed for c0_47 scenario
Time taken for simulation 47 is 25.795889616012573 seconds
Simulation completed for c0_48 scenario
Time taken for simulation 48 is 25.823420524597168 seconds
Simulation completed for c0_49 scenario
Time taken for simulation 49 is 25.78518843650818 seconds
Simulation completed for c0_50 scenario
Time taken for simulation 50 is 26.281948566436768 seconds
Simulation completed for c0_51 scenario
Time taken for simulation 51 is 25.812500715255737 seconds
Simulation completed for c0_52 scenario
Time taken for simulation 52 is 25.869980096817017 seconds
Simulation completed for c0_53 scenario
Time taken for simulation 53 is 25.77257227897644 seconds
Simulation completed for c0_54 scenario
Time taken for simulation 54 is 25.77854895591736 seconds
Simulation completed for c0_55 scenario
Time taken for simulation 55 is 25.832799434661865 seconds
Simulation completed for c0_56 scenario
Time taken for simulation 56 is 25.826555967330933 seconds
Simulation completed for c0_57 scenario
Time taken for simulation 57 is 25.77064037322998 seconds
Simulation completed for c0_58 scenario
Time taken for simulation 58 is 25.79297113418579 seconds
Simulation completed for c0_59 scenario
Time taken for simulation 59 is 25.79298233985901 seconds
Simulation completed for c0_60 scenario
Time taken for simulation 60 is 26.21244239807129 seconds
Simulation completed for c0_61 scenario
Time taken for simulation 61 is 25.787559747695923 seconds
Simulation completed for c0_62 scenario
Time taken for simulation 62 is 25.81045436859131 seconds
Simulation completed for c0_63 scenario
Time taken for simulation 63 is 25.874619007110596 seconds
Simulation completed for c0_64 scenario
Time taken for simulation 64 is 25.863308668136597 seconds
Simulation completed for c0_65 scenario
Time taken for simulation 65 is 25.819926738739014 seconds
Simulation completed for c0_66 scenario
Time taken for simulation 66 is 25.88601565361023 seconds
Simulation completed for c0_67 scenario
Time taken for simulation 67 is 25.95218014717102 seconds
Simulation completed for c0_68 scenario
Simulation completed for c1_69 scenario
Time taken for simulation 69 is 25.769357204437256 seconds
Simulation completed for c1_70 scenario
Time taken for simulation 70 is 25.82477355003357 seconds
Simulation completed for c1_71 scenario
Time taken for simulation 71 is 27.55533790588379 seconds
Simulation completed for c1_72 scenario
Time taken for simulation 72 is 25.82154130935669 seconds
Simulation completed for c1_73 scenario
Time taken for simulation 73 is 25.78205633163452 seconds
Simulation completed for c1_74 scenario
Time taken for simulation 74 is 25.849060773849487 seconds
Simulation completed for c1_75 scenario
Time taken for simulation 75 is 26.23462200164795 seconds
Simulation completed for c1_76 scenario
Time taken for simulation 76 is 25.836185693740845 seconds
Simulation completed for c1_77 scenario
Time taken for simulation 77 is 25.802154541015625 seconds
Simulation completed for c1_78 scenario
Time taken for simulation 78 is 25.867535829544067 seconds
Simulation completed for c1_79 scenario
Time taken for simulation 79 is 25.750900268554688 seconds
Simulation completed for c1_80 scenario
Time taken for simulation 80 is 25.83884906768799 seconds
Simulation completed for c1_81 scenario
Time taken for simulation 81 is 25.932958841323853 seconds
Simulation completed for c1_82 scenario
Time taken for simulation 82 is 25.81544256210327 seconds
Simulation completed for c1_83 scenario
Time taken for simulation 83 is 25.811217308044434 seconds
Simulation completed for c1_84 scenario
Time taken for simulation 84 is 25.82638692855835 seconds
Simulation completed for c1_85 scenario
Time taken for simulation 85 is 25.791855096817017 seconds
Simulation completed for c1_86 scenario
Time taken for simulation 86 is 26.21729826927185 seconds
Simulation completed for c1_87 scenario
Time taken for simulation 87 is 25.85489511489868 seconds
Simulation completed for c1_88 scenario
Time taken for simulation 88 is 25.80576801300049 seconds
Simulation completed for c1_89 scenario
Time taken for simulation 89 is 25.95452046394348 seconds
Simulation completed for c1_90 scenario
Time taken for simulation 90 is 25.815771341323853 seconds
Simulation completed for c1_91 scenario
Time taken for simulation 91 is 25.887147903442383 seconds
Simulation completed for c1_92 scenario
Time taken for simulation 92 is 25.882178783416748 seconds
Simulation completed for c1_93 scenario
Time taken for simulation 93 is 25.805412769317627 seconds
Simulation completed for c1_94 scenario
Time taken for simulation 94 is 25.813008546829224 seconds
Simulation completed for c1_95 scenario
Time taken for simulation 95 is 25.890628814697266 seconds
Simulation completed for c1_96 scenario
Time taken for simulation 96 is 26.1584370136261 seconds
Simulation completed for c1_97 scenario
Time taken for simulation 97 is 25.853575468063354 seconds
Simulation completed for c1_98 scenario
Time taken for simulation 98 is 25.912659645080566 seconds
Simulation completed for c1_99 scenario
Time taken for simulation 99 is 25.793045043945312 seconds
Total time taken is 2592.3509509563446 seconds
Intervention applied [0 1 0 0 0 0 0]
folder_written_to 
 /p/project/hai_deep_c/project_data/forest-carbon-flux/formind_sim/compound_1/0100000/formind_parameters/Climate/weather_intervention_c1_comb_0100000_0.txt
folder_written_to 
 /p/project/hai_deep_c/project_data/forest-carbon-flux/formind_sim/compound_1/0100000/formind_parameters/Climate/weather_intervention_c1_comb_0100000_1.txt
folder_written_to 
 /p/project/hai_deep_c/project_data/forest-carbon-flux/formind_sim/compound_1/0100000/formind_parameters/Climate/weather_intervention_c1_comb_0100000_2.txt
folder_written_to 
 /p/project/hai_deep_c/project_data/forest-carbon-flux/formind_sim/compound_1/0100000/formind_parameters/Climate/weather_intervention_c1_comb_0100000_3.txt
folder_written_to 
 /p/project/hai_deep_c/project_data/forest-carbon-flux/formind_sim/compound_1/0100000/formind_parameters/Climate/weather_intervention_c1_comb_0100000_4.txt
folder_written_to 
 /p/project/hai_deep_c/project_data/forest-carbon-flux/formind_sim/compound_1/0100000/formind_parameters/Climate/weather_intervention_c1_comb_0100000_5.txt
folder_written_to 
 /p/project/hai_deep_c/project_data/forest-carbon-flux/formind_sim/compound_1/0100000/formind_parameters/Climate/weather_intervention_c1_comb_0100000_6.txt
folder_written_to 
 /p/project/hai_deep_c/project_data/forest-carbon-flux/formind_sim/compound_1/0100000/formind_parameters/Climate/weather_intervention_c1_comb_0100000_7.txt
folder_written_to 
 /p/project/hai_deep_c/project_data/forest-carbon-flux/formind_sim/compound_1/0100000/formind_parameters/Climate/weather_intervention_c1_comb_0100000_8.txt
folder_written_to 
 /p/project/hai_deep_c/project_data/forest-carbon-flux/formind_sim/compound_1/0100000/formind_parameters/Climate/weather_intervention_c1_comb_0100000_9.txt
folder_written_to 
 /p/project/hai_deep_c/project_data/forest-carbon-flux/formind_sim/compound_1/0100000/formind_parameters/Climate/weather_intervention_c1_comb_0100000_10.txt
folder_written_to 
 /p/project/hai_deep_c/project_data/forest-carbon-flux/formind_sim/compound_1/0100000/formind_parameters/Climate/weather_intervention_c1_comb_0100000_11.txt
folder_written_to 
 /p/project/hai_deep_c/project_data/forest-carbon-flux/formind_sim/compound_1/0100000/formind_parameters/Climate/weather_intervention_c1_comb_0100000_12.txt
folder_written_to 
 /p/project/hai_deep_c/project_data/forest-carbon-flux/formind_sim/compound_1/0100000/formind_parameters/Climate/weather_intervention_c1_comb_0100000_13.txt
folder_written_to 
 /p/project/hai_deep_c/project_data/forest-carbon-flux/formind_sim/compound_1/0100000/formind_parameters/Climate/weather_intervention_c1_comb_0100000_14.txt
folder_written_to 
 /p/project/hai_deep_c/project_data/forest-carbon-flux/formind_sim/compound_1/0100000/formind_parameters/Climate/weather_intervention_c1_comb_0100000_15.txt
folder_written_to 
 /p/project/hai_deep_c/project_data/forest-carbon-flux/formind_sim/compound_1/0100000/formind_parameters/Climate/weather_intervention_c1_comb_0100000_16.txt
folder_written_to 
 /p/project/hai_deep_c/project_data/forest-carbon-flux/formind_sim/compound_1/0100000/formind_parameters/Climate/weather_intervention_c1_comb_0100000_17.txt
folder_written_to 
 /p/project/hai_deep_c/project_data/forest-carbon-flux/formind_sim/compound_1/0100000/formind_parameters/Climate/weather_intervention_c1_comb_0100000_18.txt
folder_written_to 
 /p/project/hai_deep_c/project_data/forest-carbon-flux/formind_sim/compound_1/0100000/formind_parameters/Climate/weather_intervention_c1_comb_0100000_19.txt
folder_written_to 
 /p/project/hai_deep_c/project_data/forest-carbon-flux/formind_sim/compound_1/0100000/formind_parameters/Climate/weather_intervention_c1_comb_0100000_20.txt
folder_written_to 
 /p/project/hai_deep_c/project_data/forest-carbon-flux/formind_sim/compound_1/0100000/formind_parameters/Climate/weather_intervention_c1_comb_0100000_21.txt
folder_written_to 
 /p/project/hai_deep_c/project_data/forest-carbon-flux/formind_sim/compound_1/0100000/formind_parameters/Climate/weather_intervention_c1_comb_0100000_22.txt
folder_written_to 
 /p/project/hai_deep_c/project_data/forest-carbon-flux/formind_sim/compound_1/0100000/formind_parameters/Climate/weather_intervention_c1_comb_0100000_23.txt
folder_written_to 
 /p/project/hai_deep_c/project_data/forest-carbon-flux/formind_sim/compound_1/0100000/formind_parameters/Climate/weather_intervention_c1_comb_0100000_24.txt
folder_written_to 
 /p/project/hai_deep_c/project_data/forest-carbon-flux/formind_sim/compound_1/0100000/formind_parameters/Climate/weather_intervention_c1_comb_0100000_25.txt
folder_written_to 
 /p/project/hai_deep_c/project_data/forest-carbon-flux/formind_sim/compound_1/0100000/formind_parameters/Climate/weather_intervention_c1_comb_0100000_26.txt
folder_written_to 
 /p/project/hai_deep_c/project_data/forest-carbon-flux/formind_sim/compound_1/0100000/formind_parameters/Climate/weather_intervention_c1_comb_0100000_27.txt
folder_written_to 
 /p/project/hai_deep_c/project_data/forest-carbon-flux/formind_sim/compound_1/0100000/formind_parameters/Climate/weather_intervention_c1_comb_0100000_28.txt
folder_written_to 
 /p/project/hai_deep_c/project_data/forest-carbon-flux/formind_sim/compound_1/0100000/formind_parameters/Climate/weather_intervention_c1_comb_0100000_29.txt
folder_written_to 
 /p/project/hai_deep_c/project_data/forest-carbon-flux/formind_sim/compound_1/0100000/formind_parameters/Climate/weather_intervention_c1_comb_0100000_30.txt
folder_written_to 
 /p/project/hai_deep_c/project_data/forest-carbon-flux/formind_sim/compound_1/0100000/formind_parameters/Climate/weather_intervention_c1_comb_0100000_31.txt
folder_written_to 
 /p/project/hai_deep_c/project_data/forest-carbon-flux/formind_sim/compound_1/0100000/formind_parameters/Climate/weather_intervention_c1_comb_0100000_32.txt
folder_written_to 
 /p/project/hai_deep_c/project_data/forest-carbon-flux/formind_sim/compound_1/0100000/formind_parameters/Climate/weather_intervention_c1_comb_0100000_33.txt
folder_written_to 
 /p/project/hai_deep_c/project_data/forest-carbon-flux/formind_sim/compound_1/0100000/formind_parameters/Climate/weather_intervention_c1_comb_0100000_34.txt
folder_written_to 
 /p/project/hai_deep_c/project_data/forest-carbon-flux/formind_sim/compound_1/0100000/formind_parameters/Climate/weather_intervention_c1_comb_0100000_35.txt
folder_written_to 
 /p/project/hai_deep_c/project_data/forest-carbon-flux/formind_sim/compound_1/0100000/formind_parameters/Climate/weather_intervention_c1_comb_0100000_36.txt
folder_written_to 
 /p/project/hai_deep_c/project_data/forest-carbon-flux/formind_sim/compound_1/0100000/formind_parameters/Climate/weather_intervention_c1_comb_0100000_37.txt
folder_written_to 
 /p/project/hai_deep_c/project_data/forest-carbon-flux/formind_sim/compound_1/0100000/formind_parameters/Climate/weather_intervention_c1_comb_0100000_38.txt
folder_written_to 
 /p/project/hai_deep_c/project_data/forest-carbon-flux/formind_sim/compound_1/0100000/formind_parameters/Climate/weather_intervention_c1_comb_0100000_39.txt
folder_written_to 
 /p/project/hai_deep_c/project_data/forest-carbon-flux/formind_sim/compound_1/0100000/formind_parameters/Climate/weather_intervention_c1_comb_0100000_40.txt
folder_written_to 
 /p/project/hai_deep_c/project_data/forest-carbon-flux/formind_sim/compound_1/0100000/formind_parameters/Climate/weather_intervention_c1_comb_0100000_41.txt
folder_written_to 
 /p/project/hai_deep_c/project_data/forest-carbon-flux/formind_sim/compound_1/0100000/formind_parameters/Climate/weather_intervention_c1_comb_0100000_42.txt
folder_written_to 
 /p/project/hai_deep_c/project_data/forest-carbon-flux/formind_sim/compound_1/0100000/formind_parameters/Climate/weather_intervention_c1_comb_0100000_43.txt
folder_written_to 
 /p/project/hai_deep_c/project_data/forest-carbon-flux/formind_sim/compound_1/0100000/formind_parameters/Climate/weather_intervention_c1_comb_0100000_44.txt
folder_written_to 
 /p/project/hai_deep_c/project_data/forest-carbon-flux/formind_sim/compound_1/0100000/formind_parameters/Climate/weather_intervention_c1_comb_0100000_45.txt
folder_written_to 
 /p/project/hai_deep_c/project_data/forest-carbon-flux/formind_sim/compound_1/0100000/formind_parameters/Climate/weather_intervention_c1_comb_0100000_46.txt
folder_written_to 
 /p/project/hai_deep_c/project_data/forest-carbon-flux/formind_sim/compound_1/0100000/formind_parameters/Climate/weather_intervention_c1_comb_0100000_47.txt
folder_written_to 
 /p/project/hai_deep_c/project_data/forest-carbon-flux/formind_sim/compound_1/0100000/formind_parameters/Climate/weather_intervention_c1_comb_0100000_48.txt
folder_written_to 
 /p/project/hai_deep_c/project_data/forest-carbon-flux/formind_sim/compound_1/0100000/formind_parameters/Climate/weather_intervention_c1_comb_0100000_49.txt
folder_written_to 
 /p/project/hai_deep_c/project_data/forest-carbon-flux/formind_sim/compound_1/0100000/formind_parameters/Climate/weather_intervention_c1_comb_0100000_50.txt
folder_written_to 
 /p/project/hai_deep_c/project_data/forest-carbon-flux/formind_sim/compound_1/0100000/formind_parameters/Climate/weather_intervention_c1_comb_0100000_51.txt
folder_written_to 
 /p/project/hai_deep_c/project_data/forest-carbon-flux/formind_sim/compound_1/0100000/formind_parameters/Climate/weather_intervention_c1_comb_0100000_52.txt
folder_written_to 
 /p/project/hai_deep_c/project_data/forest-carbon-flux/formind_sim/compound_1/0100000/formind_parameters/Climate/weather_intervention_c1_comb_0100000_53.txt
folder_written_to 
 /p/project/hai_deep_c/project_data/forest-carbon-flux/formind_sim/compound_1/0100000/formind_parameters/Climate/weather_intervention_c1_comb_0100000_54.txt
folder_written_to 
 /p/project/hai_deep_c/project_data/forest-carbon-flux/formind_sim/compound_1/0100000/formind_parameters/Climate/weather_intervention_c1_comb_0100000_55.txt
folder_written_to 
 /p/project/hai_deep_c/project_data/forest-carbon-flux/formind_sim/compound_1/0100000/formind_parameters/Climate/weather_intervention_c1_comb_0100000_56.txt
folder_written_to 
 /p/project/hai_deep_c/project_data/forest-carbon-flux/formind_sim/compound_1/0100000/formind_parameters/Climate/weather_intervention_c1_comb_0100000_57.txt
folder_written_to 
 /p/project/hai_deep_c/project_data/forest-carbon-flux/formind_sim/compound_1/0100000/formind_parameters/Climate/weather_intervention_c1_comb_0100000_58.txt
folder_written_to 
 /p/project/hai_deep_c/project_data/forest-carbon-flux/formind_sim/compound_1/0100000/formind_parameters/Climate/weather_intervention_c1_comb_0100000_59.txt
folder_written_to 
 /p/project/hai_deep_c/project_data/forest-carbon-flux/formind_sim/compound_1/0100000/formind_parameters/Climate/weather_intervention_c1_comb_0100000_60.txt
folder_written_to 
 /p/project/hai_deep_c/project_data/forest-carbon-flux/formind_sim/compound_1/0100000/formind_parameters/Climate/weather_intervention_c1_comb_0100000_61.txt
folder_written_to 
 /p/project/hai_deep_c/project_data/forest-carbon-flux/formind_sim/compound_1/0100000/formind_parameters/Climate/weather_intervention_c1_comb_0100000_62.txt
folder_written_to 
 /p/project/hai_deep_c/project_data/forest-carbon-flux/formind_sim/compound_1/0100000/formind_parameters/Climate/weather_intervention_c1_comb_0100000_63.txt
folder_written_to 
 /p/project/hai_deep_c/project_data/forest-carbon-flux/formind_sim/compound_1/0100000/formind_parameters/Climate/weather_intervention_c1_comb_0100000_64.txt
folder_written_to 
 /p/project/hai_deep_c/project_data/forest-carbon-flux/formind_sim/compound_1/0100000/formind_parameters/Climate/weather_intervention_c1_comb_0100000_65.txt
folder_written_to 
 /p/project/hai_deep_c/project_data/forest-carbon-flux/formind_sim/compound_1/0100000/formind_parameters/Climate/weather_intervention_c1_comb_0100000_66.txt
folder_written_to 
 /p/project/hai_deep_c/project_data/forest-carbon-flux/formind_sim/compound_1/0100000/formind_parameters/Climate/weather_intervention_c1_comb_0100000_67.txt
folder_written_to 
 /p/project/hai_deep_c/project_data/forest-carbon-flux/formind_sim/compound_1/0100000/formind_parameters/Climate/weather_intervention_c1_comb_0100000_68.txt
folder_written_to 
 /p/project/hai_deep_c/project_data/forest-carbon-flux/formind_sim/compound_1/0100000/formind_parameters/Climate/weather_intervention_c1_comb_0100000_69.txt
folder_written_to 
 /p/project/hai_deep_c/project_data/forest-carbon-flux/formind_sim/compound_1/0100000/formind_parameters/Climate/weather_intervention_c1_comb_0100000_70.txt
folder_written_to 
 /p/project/hai_deep_c/project_data/forest-carbon-flux/formind_sim/compound_1/0100000/formind_parameters/Climate/weather_intervention_c1_comb_0100000_71.txt
folder_written_to 
 /p/project/hai_deep_c/project_data/forest-carbon-flux/formind_sim/compound_1/0100000/formind_parameters/Climate/weather_intervention_c1_comb_0100000_72.txt
folder_written_to 
 /p/project/hai_deep_c/project_data/forest-carbon-flux/formind_sim/compound_1/0100000/formind_parameters/Climate/weather_intervention_c1_comb_0100000_73.txt
Time taken for simulation 68 is 25.77456760406494 seconds
Simulation completed for c0_69 scenario
Time taken for simulation 69 is 25.809239625930786 seconds
Simulation completed for c0_70 scenario
Time taken for simulation 70 is 25.885971546173096 seconds
Simulation completed for c0_71 scenario
Time taken for simulation 71 is 26.209233283996582 seconds
Simulation completed for c0_72 scenario
Time taken for simulation 72 is 25.824188232421875 seconds
Simulation completed for c0_73 scenario
Time taken for simulation 73 is 25.800429821014404 seconds
Simulation completed for c0_74 scenario
Time taken for simulation 74 is 25.799343585968018 seconds
Simulation completed for c0_75 scenario
Time taken for simulation 75 is 25.815102338790894 seconds
Simulation completed for c0_76 scenario
Time taken for simulation 76 is 25.89857244491577 seconds
Simulation completed for c0_77 scenario
Time taken for simulation 77 is 25.80569815635681 seconds
Simulation completed for c0_78 scenario
Time taken for simulation 78 is 25.90558433532715 seconds
Simulation completed for c0_79 scenario
Time taken for simulation 79 is 25.779569149017334 seconds
Simulation completed for c0_80 scenario
Time taken for simulation 80 is 25.859328746795654 seconds
Simulation completed for c0_81 scenario
Time taken for simulation 81 is 25.95106792449951 seconds
Simulation completed for c0_82 scenario
Time taken for simulation 82 is 26.292102813720703 seconds
Simulation completed for c0_83 scenario
Time taken for simulation 83 is 25.757436752319336 seconds
Simulation completed for c0_84 scenario
Time taken for simulation 84 is 25.864882469177246 seconds
Simulation completed for c0_85 scenario
Time taken for simulation 85 is 25.823519229888916 seconds
Simulation completed for c0_86 scenario
Time taken for simulation 86 is 25.96532368659973 seconds
Simulation completed for c0_87 scenario
Time taken for simulation 87 is 25.921451091766357 seconds
Simulation completed for c0_88 scenario
Time taken for simulation 88 is 25.753772258758545 seconds
Simulation completed for c0_89 scenario
Time taken for simulation 89 is 27.535091638565063 seconds
Simulation completed for c0_90 scenario
Time taken for simulation 90 is 25.772282361984253 seconds
Simulation completed for c0_91 scenario
Time taken for simulation 91 is 25.87771987915039 seconds
Simulation completed for c0_92 scenario
Time taken for simulation 92 is 26.183785438537598 seconds
Simulation completed for c0_93 scenario
Time taken for simulation 93 is 25.838356733322144 seconds
Simulation completed for c0_94 scenario
Time taken for simulation 94 is 25.850433826446533 seconds
Simulation completed for c0_95 scenario
Time taken for simulation 95 is 25.84644651412964 seconds
Simulation completed for c0_96 scenario
Time taken for simulation 96 is 25.79470992088318 seconds
Simulation completed for c0_97 scenario
Time taken for simulation 97 is 25.850553035736084 seconds
Simulation completed for c0_98 scenario
Time taken for simulation 98 is 25.77809476852417 seconds
Simulation completed for c0_99 scenario
Time taken for simulation 99 is 25.77785086631775 seconds
Total time taken is 2592.619115829468 seconds
