Intervention applied [1 1 1 1 1 1 1]
folder_written_to 
 /p/project/hai_deep_c/project_data/forest-carbon-flux/formind_sim/compound_7/1111111/formind_parameters/Climate/weather_intervention_c7_comb_1111111_0.txt
folder_written_to 
 /p/project/hai_deep_c/project_data/forest-carbon-flux/formind_sim/compound_7/1111111/formind_parameters/Climate/weather_intervention_c7_comb_1111111_1.txt
folder_written_to 
 /p/project/hai_deep_c/project_data/forest-carbon-flux/formind_sim/compound_7/1111111/formind_parameters/Climate/weather_intervention_c7_comb_1111111_2.txt
folder_written_to 
 /p/project/hai_deep_c/project_data/forest-carbon-flux/formind_sim/compound_7/1111111/formind_parameters/Climate/weather_intervention_c7_comb_1111111_3.txt
folder_written_to 
 /p/project/hai_deep_c/project_data/forest-carbon-flux/formind_sim/compound_7/1111111/formind_parameters/Climate/weather_intervention_c7_comb_1111111_4.txt
folder_written_to 
 /p/project/hai_deep_c/project_data/forest-carbon-flux/formind_sim/compound_7/1111111/formind_parameters/Climate/weather_intervention_c7_comb_1111111_5.txt
folder_written_to 
 /p/project/hai_deep_c/project_data/forest-carbon-flux/formind_sim/compound_7/1111111/formind_parameters/Climate/weather_intervention_c7_comb_1111111_6.txt
folder_written_to 
 /p/project/hai_deep_c/project_data/forest-carbon-flux/formind_sim/compound_7/1111111/formind_parameters/Climate/weather_intervention_c7_comb_1111111_7.txt
folder_written_to 
 /p/project/hai_deep_c/project_data/forest-carbon-flux/formind_sim/compound_7/1111111/formind_parameters/Climate/weather_intervention_c7_comb_1111111_8.txt
folder_written_to 
 /p/project/hai_deep_c/project_data/forest-carbon-flux/formind_sim/compound_7/1111111/formind_parameters/Climate/weather_intervention_c7_comb_1111111_9.txt
folder_written_to 
 /p/project/hai_deep_c/project_data/forest-carbon-flux/formind_sim/compound_7/1111111/formind_parameters/Climate/weather_intervention_c7_comb_1111111_10.txt
folder_written_to 
 /p/project/hai_deep_c/project_data/forest-carbon-flux/formind_sim/compound_7/1111111/formind_parameters/Climate/weather_intervention_c7_comb_1111111_11.txt
folder_written_to 
 /p/project/hai_deep_c/project_data/forest-carbon-flux/formind_sim/compound_7/1111111/formind_parameters/Climate/weather_intervention_c7_comb_1111111_12.txt
folder_written_to 
 /p/project/hai_deep_c/project_data/forest-carbon-flux/formind_sim/compound_7/1111111/formind_parameters/Climate/weather_intervention_c7_comb_1111111_13.txt
folder_written_to 
 /p/project/hai_deep_c/project_data/forest-carbon-flux/formind_sim/compound_7/1111111/formind_parameters/Climate/weather_intervention_c7_comb_1111111_14.txt
folder_written_to 
 /p/project/hai_deep_c/project_data/forest-carbon-flux/formind_sim/compound_7/1111111/formind_parameters/Climate/weather_intervention_c7_comb_1111111_15.txt
folder_written_to 
 /p/project/hai_deep_c/project_data/forest-carbon-flux/formind_sim/compound_7/1111111/formind_parameters/Climate/weather_intervention_c7_comb_1111111_16.txt
folder_written_to 
 /p/project/hai_deep_c/project_data/forest-carbon-flux/formind_sim/compound_7/1111111/formind_parameters/Climate/weather_intervention_c7_comb_1111111_17.txt
folder_written_to 
 /p/project/hai_deep_c/project_data/forest-carbon-flux/formind_sim/compound_7/1111111/formind_parameters/Climate/weather_intervention_c7_comb_1111111_18.txt
folder_written_to 
 /p/project/hai_deep_c/project_data/forest-carbon-flux/formind_sim/compound_7/1111111/formind_parameters/Climate/weather_intervention_c7_comb_1111111_19.txt
folder_written_to 
 /p/project/hai_deep_c/project_data/forest-carbon-flux/formind_sim/compound_7/1111111/formind_parameters/Climate/weather_intervention_c7_comb_1111111_20.txt
folder_written_to 
 /p/project/hai_deep_c/project_data/forest-carbon-flux/formind_sim/compound_7/1111111/formind_parameters/Climate/weather_intervention_c7_comb_1111111_21.txt
folder_written_to 
 /p/project/hai_deep_c/project_data/forest-carbon-flux/formind_sim/compound_7/1111111/formind_parameters/Climate/weather_intervention_c7_comb_1111111_22.txt
folder_written_to 
 /p/project/hai_deep_c/project_data/forest-carbon-flux/formind_sim/compound_7/1111111/formind_parameters/Climate/weather_intervention_c7_comb_1111111_23.txt
folder_written_to 
 /p/project/hai_deep_c/project_data/forest-carbon-flux/formind_sim/compound_7/1111111/formind_parameters/Climate/weather_intervention_c7_comb_1111111_24.txt
folder_written_to 
 /p/project/hai_deep_c/project_data/forest-carbon-flux/formind_sim/compound_7/1111111/formind_parameters/Climate/weather_intervention_c7_comb_1111111_25.txt
folder_written_to 
 /p/project/hai_deep_c/project_data/forest-carbon-flux/formind_sim/compound_7/1111111/formind_parameters/Climate/weather_intervention_c7_comb_1111111_26.txt
folder_written_to 
 /p/project/hai_deep_c/project_data/forest-carbon-flux/formind_sim/compound_7/1111111/formind_parameters/Climate/weather_intervention_c7_comb_1111111_27.txt
folder_written_to 
 /p/project/hai_deep_c/project_data/forest-carbon-flux/formind_sim/compound_7/1111111/formind_parameters/Climate/weather_intervention_c7_comb_1111111_28.txt
folder_written_to 
 /p/project/hai_deep_c/project_data/forest-carbon-flux/formind_sim/compound_7/1111111/formind_parameters/Climate/weather_intervention_c7_comb_1111111_29.txt
folder_written_to 
 /p/project/hai_deep_c/project_data/forest-carbon-flux/formind_sim/compound_7/1111111/formind_parameters/Climate/weather_intervention_c7_comb_1111111_30.txt
folder_written_to 
 /p/project/hai_deep_c/project_data/forest-carbon-flux/formind_sim/compound_7/1111111/formind_parameters/Climate/weather_intervention_c7_comb_1111111_31.txt
folder_written_to 
 /p/project/hai_deep_c/project_data/forest-carbon-flux/formind_sim/compound_7/1111111/formind_parameters/Climate/weather_intervention_c7_comb_1111111_32.txt
folder_written_to 
 /p/project/hai_deep_c/project_data/forest-carbon-flux/formind_sim/compound_7/1111111/formind_parameters/Climate/weather_intervention_c7_comb_1111111_33.txt
folder_written_to 
 /p/project/hai_deep_c/project_data/forest-carbon-flux/formind_sim/compound_7/1111111/formind_parameters/Climate/weather_intervention_c7_comb_1111111_34.txt
folder_written_to 
 /p/project/hai_deep_c/project_data/forest-carbon-flux/formind_sim/compound_7/1111111/formind_parameters/Climate/weather_intervention_c7_comb_1111111_35.txt
folder_written_to 
 /p/project/hai_deep_c/project_data/forest-carbon-flux/formind_sim/compound_7/1111111/formind_parameters/Climate/weather_intervention_c7_comb_1111111_36.txt
folder_written_to 
 /p/project/hai_deep_c/project_data/forest-carbon-flux/formind_sim/compound_7/1111111/formind_parameters/Climate/weather_intervention_c7_comb_1111111_37.txt
folder_written_to 
 /p/project/hai_deep_c/project_data/forest-carbon-flux/formind_sim/compound_7/1111111/formind_parameters/Climate/weather_intervention_c7_comb_1111111_38.txt
folder_written_to 
 /p/project/hai_deep_c/project_data/forest-carbon-flux/formind_sim/compound_7/1111111/formind_parameters/Climate/weather_intervention_c7_comb_1111111_39.txt
folder_written_to 
 /p/project/hai_deep_c/project_data/forest-carbon-flux/formind_sim/compound_7/1111111/formind_parameters/Climate/weather_intervention_c7_comb_1111111_40.txt
folder_written_to 
 /p/project/hai_deep_c/project_data/forest-carbon-flux/formind_sim/compound_7/1111111/formind_parameters/Climate/weather_intervention_c7_comb_1111111_41.txt
folder_written_to 
 /p/project/hai_deep_c/project_data/forest-carbon-flux/formind_sim/compound_7/1111111/formind_parameters/Climate/weather_intervention_c7_comb_1111111_42.txt
folder_written_to 
 /p/project/hai_deep_c/project_data/forest-carbon-flux/formind_sim/compound_7/1111111/formind_parameters/Climate/weather_intervention_c7_comb_1111111_43.txt
folder_written_to 
 /p/project/hai_deep_c/project_data/forest-carbon-flux/formind_sim/compound_7/1111111/formind_parameters/Climate/weather_intervention_c7_comb_1111111_44.txt
folder_written_to 
 /p/project/hai_deep_c/project_data/forest-carbon-flux/formind_sim/compound_7/1111111/formind_parameters/Climate/weather_intervention_c7_comb_1111111_45.txt
folder_written_to 
 /p/project/hai_deep_c/project_data/forest-carbon-flux/formind_sim/compound_7/1111111/formind_parameters/Climate/weather_intervention_c7_comb_1111111_46.txt
folder_written_to 
 /p/project/hai_deep_c/project_data/forest-carbon-flux/formind_sim/compound_7/1111111/formind_parameters/Climate/weather_intervention_c7_comb_1111111_47.txt
folder_written_to 
 /p/project/hai_deep_c/project_data/forest-carbon-flux/formind_sim/compound_7/1111111/formind_parameters/Climate/weather_intervention_c7_comb_1111111_48.txt
folder_written_to 
 /p/project/hai_deep_c/project_data/forest-carbon-flux/formind_sim/compound_7/1111111/formind_parameters/Climate/weather_intervention_c7_comb_1111111_49.txt
folder_written_to 
 /p/project/hai_deep_c/project_data/forest-carbon-flux/formind_sim/compound_7/1111111/formind_parameters/Climate/weather_intervention_c7_comb_1111111_50.txt
folder_written_to 
 /p/project/hai_deep_c/project_data/forest-carbon-flux/formind_sim/compound_7/1111111/formind_parameters/Climate/weather_intervention_c7_comb_1111111_51.txt
folder_written_to 
 /p/project/hai_deep_c/project_data/forest-carbon-flux/formind_sim/compound_7/1111111/formind_parameters/Climate/weather_intervention_c7_comb_1111111_52.txt
folder_written_to 
 /p/project/hai_deep_c/project_data/forest-carbon-flux/formind_sim/compound_7/1111111/formind_parameters/Climate/weather_intervention_c7_comb_1111111_53.txt
folder_written_to 
 /p/project/hai_deep_c/project_data/forest-carbon-flux/formind_sim/compound_7/1111111/formind_parameters/Climate/weather_intervention_c7_comb_1111111_54.txt
folder_written_to 
 /p/project/hai_deep_c/project_data/forest-carbon-flux/formind_sim/compound_7/1111111/formind_parameters/Climate/weather_intervention_c7_comb_1111111_55.txt
folder_written_to 
 /p/project/hai_deep_c/project_data/forest-carbon-flux/formind_sim/compound_7/1111111/formind_parameters/Climate/weather_intervention_c7_comb_1111111_56.txt
folder_written_to 
 /p/project/hai_deep_c/project_data/forest-carbon-flux/formind_sim/compound_7/1111111/formind_parameters/Climate/weather_intervention_c7_comb_1111111_57.txt
folder_written_to 
 /p/project/hai_deep_c/project_data/forest-carbon-flux/formind_sim/compound_7/1111111/formind_parameters/Climate/weather_intervention_c7_comb_1111111_58.txt
folder_written_to 
 /p/project/hai_deep_c/project_data/forest-carbon-flux/formind_sim/compound_7/1111111/formind_parameters/Climate/weather_intervention_c7_comb_1111111_59.txt
folder_written_to 
 /p/project/hai_deep_c/project_data/forest-carbon-flux/formind_sim/compound_7/1111111/formind_parameters/Climate/weather_intervention_c7_comb_1111111_60.txt
folder_written_to 
 /p/project/hai_deep_c/project_data/forest-carbon-flux/formind_sim/compound_7/1111111/formind_parameters/Climate/weather_intervention_c7_comb_1111111_61.txt
folder_written_to 
 /p/project/hai_deep_c/project_data/forest-carbon-flux/formind_sim/compound_7/1111111/formind_parameters/Climate/weather_intervention_c7_comb_1111111_62.txt
folder_written_to 
 /p/project/hai_deep_c/project_data/forest-carbon-flux/formind_sim/compound_7/1111111/formind_parameters/Climate/weather_intervention_c7_comb_1111111_63.txt
folder_written_to 
 /p/project/hai_deep_c/project_data/forest-carbon-flux/formind_sim/compound_7/1111111/formind_parameters/Climate/weather_intervention_c7_comb_1111111_64.txt
folder_written_to 
 /p/project/hai_deep_c/project_data/forest-carbon-flux/formind_sim/compound_7/1111111/formind_parameters/Climate/weather_intervention_c7_comb_1111111_65.txt
folder_written_to 
 /p/project/hai_deep_c/project_data/forest-carbon-flux/formind_sim/compound_7/1111111/formind_parameters/Climate/weather_intervention_c7_comb_1111111_66.txt
folder_written_to 
 /p/project/hai_deep_c/project_data/forest-carbon-flux/formind_sim/compound_7/1111111/formind_parameters/Climate/weather_intervention_c7_comb_1111111_67.txt
folder_written_to 
 /p/project/hai_deep_c/project_data/forest-carbon-flux/formind_sim/compound_7/1111111/formind_parameters/Climate/weather_intervention_c7_comb_1111111_68.txt
folder_written_to 
 /p/project/hai_deep_c/project_data/forest-carbon-flux/formind_sim/compound_7/1111111/formind_parameters/Climate/weather_intervention_c7_comb_1111111_69.txt
folder_written_to 
 /p/project/hai_deep_c/project_data/forest-carbon-flux/formind_sim/compound_7/1111111/formind_parameters/Climate/weather_intervention_c7_comb_1111111_70.txt
folder_written_to 
 /p/project/hai_deep_c/project_data/forest-carbon-flux/formind_sim/compound_7/1111111/formind_parameters/Climate/weather_intervention_c7_comb_1111111_71.txt
folder_written_to 
 /p/project/hai_deep_c/project_data/forest-carbon-flux/formind_sim/compound_7/1111111/formind_parameters/Climate/weather_intervention_c7_comb_1111111_72.txt
folder_written_to 
 /p/project/hai_deep_c/project_data/forest-carbon-flux/formind_sim/compound_7/1111111/formind_parameters/Climate/weather_intervention_c7_comb_1111111_73.txt
folder_written_to 
 /p/project/hai_deep_c/project_data/forest-carbon-flux/formind_sim/compound_7/1111111/formind_parameters/Climate/weather_intervention_c7_comb_1111111_74.txt
folder_written_to 
 /p/project/hai_deep_c/project_data/forest-carbon-flux/formind_sim/compound_7/1111111/formind_parameters/Climate/weather_intervention_c7_comb_1111111_75.txt
folder_written_to 
 /p/project/hai_deep_c/project_data/forest-carbon-flux/formind_sim/compound_7/1111111/formind_parameters/Climate/weather_intervention_c7_comb_1111111_76.txt
folder_written_to 
 /p/project/hai_deep_c/project_data/forest-carbon-flux/formind_sim/compound_7/1111111/formind_parameters/Climate/weather_intervention_c7_comb_1111111_77.txt
folder_written_to 
 /p/project/hai_deep_c/project_data/forest-carbon-flux/formind_sim/compound_7/1111111/formind_parameters/Climate/weather_intervention_c7_comb_1111111_78.txt
folder_written_to 
 /p/project/hai_deep_c/project_data/forest-carbon-flux/formind_sim/compound_7/1111111/formind_parameters/Climate/weather_intervention_c7_comb_1111111_79.txt
folder_written_to 
 /p/project/hai_deep_c/project_data/forest-carbon-flux/formind_sim/compound_7/1111111/formind_parameters/Climate/weather_intervention_c7_comb_1111111_80.txt
folder_written_to 
 /p/project/hai_deep_c/project_data/forest-carbon-flux/formind_sim/compound_7/1111111/formind_parameters/Climate/weather_intervention_c7_comb_1111111_81.txt
folder_written_to 
 /p/project/hai_deep_c/project_data/forest-carbon-flux/formind_sim/compound_7/1111111/formind_parameters/Climate/weather_intervention_c7_comb_1111111_82.txt
folder_written_to 
 /p/project/hai_deep_c/project_data/forest-carbon-flux/formind_sim/compound_7/1111111/formind_parameters/Climate/weather_intervention_c7_comb_1111111_83.txt
folder_written_to 
 /p/project/hai_deep_c/project_data/forest-carbon-flux/formind_sim/compound_7/1111111/formind_parameters/Climate/weather_intervention_c7_comb_1111111_84.txt
folder_written_to 
 /p/project/hai_deep_c/project_data/forest-carbon-flux/formind_sim/compound_7/1111111/formind_parameters/Climate/weather_intervention_c7_comb_1111111_85.txt
folder_written_to 
 /p/project/hai_deep_c/project_data/forest-carbon-flux/formind_sim/compound_7/1111111/formind_parameters/Climate/weather_intervention_c7_comb_1111111_86.txt
folder_written_to 
 /p/project/hai_deep_c/project_data/forest-carbon-flux/formind_sim/compound_7/1111111/formind_parameters/Climate/weather_intervention_c7_comb_1111111_87.txt
folder_written_to 
 /p/project/hai_deep_c/project_data/forest-carbon-flux/formind_sim/compound_7/1111111/formind_parameters/Climate/weather_intervention_c7_comb_1111111_88.txt
folder_written_to 
 /p/project/hai_deep_c/project_data/forest-carbon-flux/formind_sim/compound_7/1111111/formind_parameters/Climate/weather_intervention_c7_comb_1111111_89.txt
folder_written_to 
 /p/project/hai_deep_c/project_data/forest-carbon-flux/formind_sim/compound_7/1111111/formind_parameters/Climate/weather_intervention_c7_comb_1111111_90.txt
folder_written_to 
 /p/project/hai_deep_c/project_data/forest-carbon-flux/formind_sim/compound_7/1111111/formind_parameters/Climate/weather_intervention_c7_comb_1111111_91.txt
folder_written_to 
 /p/project/hai_deep_c/project_data/forest-carbon-flux/formind_sim/compound_7/1111111/formind_parameters/Climate/weather_intervention_c7_comb_1111111_92.txt
folder_written_to 
 /p/project/hai_deep_c/project_data/forest-carbon-flux/formind_sim/compound_7/1111111/formind_parameters/Climate/weather_intervention_c7_comb_1111111_93.txt
folder_written_to 
 /p/project/hai_deep_c/project_data/forest-carbon-flux/formind_sim/compound_7/1111111/formind_parameters/Climate/weather_intervention_c7_comb_1111111_94.txt
folder_written_to 
 /p/project/hai_deep_c/project_data/forest-carbon-flux/formind_sim/compound_7/1111111/formind_parameters/Climate/weather_intervention_c7_comb_1111111_95.txt
folder_written_to 
 /p/project/hai_deep_c/project_data/forest-carbon-flux/formind_sim/compound_7/1111111/formind_parameters/Climate/weather_intervention_c7_comb_1111111_96.txt
folder_written_to 
 /p/project/hai_deep_c/project_data/forest-carbon-flux/formind_sim/compound_7/1111111/formind_parameters/Climate/weather_intervention_c7_comb_1111111_97.txt
folder_written_to 
 /p/project/hai_deep_c/project_data/forest-carbon-flux/formind_sim/compound_7/1111111/formind_parameters/Climate/weather_intervention_c7_comb_1111111_98.txt
folder_written_to 
 /p/project/hai_deep_c/project_data/forest-carbon-flux/formind_sim/compound_7/1111111/formind_parameters/Climate/weather_intervention_c7_comb_1111111_99.txt
Simulation completed for c7_0 scenario
Time taken for simulation 0 is 25.846655130386353 seconds
Simulation completed for c7_1 scenario
Time taken for simulation 1 is 25.777867078781128 seconds
Simulation completed for c7_2 scenario
Time taken for simulation 2 is 25.828664302825928 seconds
Simulation completed for c7_3 scenario
Time taken for simulation 3 is 25.760889291763306 seconds
Simulation completed for c7_4 scenario
Time taken for simulation 4 is 26.20125675201416 seconds
Simulation completed for c7_5 scenario
Time taken for simulation 5 is 25.839381217956543 seconds
Simulation completed for c7_6 scenario
Time taken for simulation 6 is 25.786105155944824 seconds
Simulation completed for c7_7 scenario
Time taken for simulation 7 is 25.79130983352661 seconds
Simulation completed for c7_8 scenario
Time taken for simulation 8 is 25.901779890060425 seconds
Simulation completed for c7_9 scenario
Time taken for simulation 9 is 25.847566604614258 seconds
Simulation completed for c7_10 scenario
Time taken for simulation 10 is 25.80315899848938 seconds
Simulation completed for c7_11 scenario
Time taken for simulation 11 is 25.8250629901886 seconds
Simulation completed for c7_12 scenario
Time taken for simulation 12 is 25.816165924072266 seconds
Simulation completed for c7_13 scenario
Time taken for simulation 13 is 25.79388451576233 seconds
Simulation completed for c7_14 scenario
Time taken for simulation 14 is 25.87794280052185 seconds
Simulation completed for c7_15 scenario
Time taken for simulation 15 is 26.068549394607544 seconds
Simulation completed for c7_16 scenario
Time taken for simulation 16 is 25.77359104156494 seconds
Simulation completed for c7_17 scenario
Time taken for simulation 17 is 25.85972285270691 seconds
Simulation completed for c7_18 scenario
Time taken for simulation 18 is 25.875149965286255 seconds
Simulation completed for c7_19 scenario
Time taken for simulation 19 is 25.810478687286377 seconds
Simulation completed for c7_20 scenario
Time taken for simulation 20 is 25.77889895439148 seconds
Simulation completed for c7_21 scenario
Time taken for simulation 21 is 25.83063769340515 seconds
Simulation completed for c7_22 scenario
Time taken for simulation 22 is 25.80666732788086 seconds
Simulation completed for c7_23 scenario
Time taken for simulation 23 is 25.76480531692505 seconds
Simulation completed for c7_24 scenario
Time taken for simulation 24 is 25.750669240951538 seconds
Simulation completed for c7_25 scenario
Time taken for simulation 25 is 25.83608889579773 seconds
Simulation completed for c7_26 scenario
Time taken for simulation 26 is 26.36587619781494 seconds
Simulation completed for c7_27 scenario
Time taken for simulation 27 is 25.826431035995483 seconds
Simulation completed for c7_28 scenario
Time taken for simulation 28 is 25.778759956359863 seconds
Simulation completed for c7_29 scenario
Time taken for simulation 29 is 25.830594539642334 seconds
Simulation completed for c7_30 scenario
Time taken for simulation 30 is 25.819587469100952 seconds
Simulation completed for c7_31 scenario
Time taken for simulation 31 is 25.792407989501953 seconds
Simulation completed for c7_32 scenario
Time taken for simulation 32 is 25.862675666809082 seconds
Simulation completed for c7_33 scenario
Time taken for simulation 33 is 25.882230758666992 seconds
Simulation completed for c7_34 scenario
Time taken for simulation 34 is 25.749085903167725 seconds
Simulation completed for c7_35 scenario
Time taken for simulation 35 is 25.82787322998047 seconds
Simulation completed for c7_36 scenario
Time taken for simulation 36 is 26.282068967819214 seconds
Simulation completed for c7_37 scenario
Time taken for simulation 37 is 25.85946226119995 seconds
Simulation completed for c7_38 scenario
Time taken for simulation 38 is 25.915153980255127 seconds
Simulation completed for c7_39 scenario
Time taken for simulation 39 is 25.809732913970947 seconds
Simulation completed for c7_40 scenario
Time taken for simulation 40 is 25.79803729057312 seconds
Simulation completed for c7_41 scenario
Time taken for simulation 41 is 25.837658643722534 seconds
Simulation completed for c7_42 scenario
Time taken for simulation 42 is 25.79498291015625 seconds
Simulation completed for c7_43 scenario
Time taken for simulation 43 is 25.996849298477173 seconds
Simulation completed for c7_44 scenario
Time taken for simulation 44 is 25.82410717010498 seconds
Simulation completed for c7_45 scenario
Time taken for simulation 45 is 25.782122373580933 seconds
Simulation completed for c7_46 scenario
Time taken for simulation 46 is 25.794854640960693 seconds
Simulation completed for c7_47 scenario
Time taken for simulation 47 is 26.200045108795166 seconds
Simulation completed for c7_48 scenario
Time taken for simulation 48 is 25.895599842071533 seconds
Simulation completed for c7_49 scenario
Time taken for simulation 49 is 25.768523693084717 seconds
Simulation completed for c7_50 scenario
Time taken for simulation 50 is 25.788784742355347 seconds
Simulation completed for c7_51 scenario
Time taken for simulation 51 is 25.76433825492859 seconds
Simulation completed for c7_52 scenario
Time taken for simulation 52 is 25.74794912338257 seconds
Simulation completed for c7_53 scenario
Time taken for simulation 53 is 25.81582474708557 seconds
Simulation completed for c7_54 scenario
Time taken for simulation 54 is 25.74183750152588 seconds
Simulation completed for c7_55 scenario
Time taken for simulation 55 is 25.80488395690918 seconds
Simulation completed for c7_56 scenario
Time taken for simulation 56 is 25.841866970062256 seconds
Simulation completed for c7_57 scenario
Time taken for simulation 57 is 25.78017282485962 seconds
Simulation completed for c7_58 scenario
Time taken for simulation 58 is 26.277769327163696 seconds
Simulation completed for c7_59 scenario
Time taken for simulation 59 is 25.841466903686523 seconds
Simulation completed for c7_60 scenario
Time taken for simulation 60 is 25.73274064064026 seconds
Simulation completed for c7_61 scenario
Time taken for simulation 61 is 25.792516708374023 seconds
Simulation completed for c7_62 scenario
Time taken for simulation 62 is 25.89107871055603 seconds
Simulation completed for c7_63 scenario
Time taken for simulation 63 is 25.838335514068604 seconds
Simulation completed for c7_64 scenario
Time taken for simulation 64 is 25.810474157333374 seconds
Simulation completed for c7_65 scenario
Time taken for simulation 65 is 25.77342915534973 seconds
Simulation completed for c7_66 scenario
Time taken for simulation 66 is 25.776169776916504 seconds
Simulation completed for c7_67 scenario
Time taken for simulation 67 is 25.8922061920166 seconds
Simulation completed for c7_68 scenario
Time taken for simulation 68 is 26.238861799240112 seconds
Simulation completed for c7_69 scenario
Time taken for simulation 69 is 25.810614824295044 seconds
Simulation completed for c7_70 scenario
Time taken for simulation 70 is 25.980428218841553 seconds
Simulation completed for c7_71 scenario
Time taken for simulation 71 is 25.723187685012817 seconds
Simulation completed for c7_72 scenario
Time taken for simulation 72 is 25.8696551322937 seconds
Simulation completed for c7_73 scenario
Time taken for simulation 73 is 25.825562953948975 seconds
Simulation completed for c7_74 scenario
Time taken for simulation 74 is 25.86639928817749 seconds
Simulation completed for c7_75 scenario
Time taken for simulation 75 is 25.77409315109253 seconds
Simulation completed for c7_76 scenario
Time taken for simulation 76 is 25.894976139068604 seconds
Simulation completed for c7_77 scenario
Time taken for simulation 77 is 25.925565004348755 seconds
Simulation completed for c7_78 scenario
Time taken for simulation 78 is 25.759461164474487 seconds
Simulation completed for c7_79 scenario
Time taken for simulation 79 is 26.219640493392944 seconds
Simulation completed for c7_80 scenario
Time taken for simulation 80 is 25.78836226463318 seconds
Simulation completed for c7_81 scenario
Time taken for simulation 81 is 25.858608722686768 seconds
Simulation completed for c7_82 scenario
Time taken for simulation 82 is 25.954796314239502 seconds
Simulation completed for c7_83 scenario
Time taken for simulation 83 is 25.834919214248657 seconds
Simulation completed for c7_84 scenario
Time taken for simulation 84 is 26.09134840965271 seconds
Simulation completed for c7_85 scenario
Time taken for simulation 85 is 25.89533281326294 seconds
Simulation completed for c7_86 scenario
Time taken for simulation 86 is 25.801169872283936 seconds
Simulation completed for c7_87 scenario
Time taken for simulation 87 is 25.792914390563965 seconds
Simulation completed for c7_88 scenario
Time taken for simulation 88 is 25.75586438179016 seconds
Simulation completed for c7_89 scenario
Time taken for simulation 89 is 25.85610795021057 seconds
Simulation completed for c7_90 scenario
Time taken for simulation 90 is 26.16542887687683 seconds
Simulation completed for c7_91 scenario
Time taken for simulation 91 is 25.871071815490723 seconds
Simulation completed for c7_92 scenario
Time taken for simulation 92 is 25.869500398635864 seconds
Simulation completed for c7_93 scenario
Time taken for simulation 93 is 25.949317932128906 seconds
Simulation completed for c7_94 scenario
Time taken for simulation 94 is 25.910982608795166 seconds
Simulation completed for c7_95 scenario
Time taken for simulation 95 is 25.82618761062622 seconds
Simulation completed for c7_96 scenario
Time taken for simulation 96 is 25.746434450149536 seconds
Simulation completed for c7_97 scenario
Time taken for simulation 97 is 25.81652331352234 seconds
Simulation completed for c7_98 scenario
Time taken for simulation 98 is 25.779327630996704 seconds
Simulation completed for c7_99 scenario
Time taken for simulation 99 is 25.82824444770813 seconds
Total time taken is 2586.4031834602356 seconds
